2020-09-03 10:15:18.126 [main] DEBUG com.imooc.o2o.dao.ProductDao.queryProductById - ==>  Preparing: SELECT p.product_id, p.product_name, p.product_desc, p.img_add, p.normal_price, p.promotion_price, p.priority, p.create_time, p.last_edit_time, p.enable_status, p.product_category_id, p.shop_id, pm.product_img_id, pm.img_add AS detail_img, pm.img_desc, pm.priority, pm.create_time FROM tb_product p LEFT JOIN tb_product_img pm ON p.product_id = pm.product_id WHERE p.product_id = ? ORDER BY pm.priority DESC 
2020-09-03 10:15:18.154 [main] DEBUG com.imooc.o2o.dao.ProductDao.queryProductById - ==> Parameters: 14(Long)
2020-09-03 10:15:18.177 [main] DEBUG com.imooc.o2o.dao.ProductDao.queryProductById - <==      Total: 1
2020-09-03 10:15:18.186 [main] DEBUG com.imooc.o2o.util.ImageUtil - current relativeAdd is: upload\item\shop\1\2020090310151873464.jpg
2020-09-03 10:15:18.186 [main] DEBUG com.imooc.o2o.util.ImageUtil - current complete add is: D:\JavaProject\image\upload\item\shop\1\2020090310151873464.jpg
2020-09-03 10:15:18.186 [main] DEBUG com.imooc.o2o.util.ImageUtil - basepath is: /C:/Users/luoyi/IdeaProjects/o2o/target/test-classes/
2020-09-03 10:15:37.328 [main] DEBUG com.imooc.o2o.dao.ProductDao.queryProductById - ==>  Preparing: SELECT p.product_id, p.product_name, p.product_desc, p.img_add, p.normal_price, p.promotion_price, p.priority, p.create_time, p.last_edit_time, p.enable_status, p.product_category_id, p.shop_id, pm.product_img_id, pm.img_add AS detail_img, pm.img_desc, pm.priority, pm.create_time FROM tb_product p LEFT JOIN tb_product_img pm ON p.product_id = pm.product_id WHERE p.product_id = ? ORDER BY pm.priority DESC 
2020-09-03 10:15:37.355 [main] DEBUG com.imooc.o2o.dao.ProductDao.queryProductById - ==> Parameters: 14(Long)
2020-09-03 10:15:37.378 [main] DEBUG com.imooc.o2o.dao.ProductDao.queryProductById - <==      Total: 1
2020-09-03 10:15:37.385 [main] DEBUG com.imooc.o2o.util.ImageUtil - current relativeAdd is: upload\item\shop\1\2020090310153755201.jpg
2020-09-03 10:15:37.385 [main] DEBUG com.imooc.o2o.util.ImageUtil - current complete add is: D:\JavaProject\image\upload\item\shop\1\2020090310153755201.jpg
2020-09-03 10:15:37.385 [main] DEBUG com.imooc.o2o.util.ImageUtil - basepath is: /C:/Users/luoyi/IdeaProjects/o2o/target/test-classes/
2020-09-03 10:21:54.886 [main] DEBUG com.imooc.o2o.dao.ProductDao.queryProductById - ==>  Preparing: SELECT p.product_id, p.product_name, p.product_desc, p.img_add, p.normal_price, p.promotion_price, p.priority, p.create_time, p.last_edit_time, p.enable_status, p.product_category_id, p.shop_id, pm.product_img_id, pm.img_add AS detail_img, pm.img_desc, pm.priority, pm.create_time FROM tb_product p LEFT JOIN tb_product_img pm ON p.product_id = pm.product_id WHERE p.product_id = ? ORDER BY pm.priority DESC 
2020-09-03 10:21:54.912 [main] DEBUG com.imooc.o2o.dao.ProductDao.queryProductById - ==> Parameters: 14(Long)
2020-09-03 10:21:54.935 [main] DEBUG com.imooc.o2o.dao.ProductDao.queryProductById - <==      Total: 1
2020-09-03 10:21:54.943 [main] DEBUG com.imooc.o2o.util.ImageUtil - current relativeAdd is: upload\item\shop\1\2020090310215413064.jpg
2020-09-03 10:21:54.943 [main] DEBUG com.imooc.o2o.util.ImageUtil - current complete add is: D:\JavaProject\image\upload\item\shop\1\2020090310215413064.jpg
2020-09-03 10:21:54.943 [main] DEBUG com.imooc.o2o.util.ImageUtil - basepath is: /C:/Users/luoyi/IdeaProjects/o2o/target/test-classes/
2020-09-03 10:21:55.028 [main] DEBUG c.imooc.o2o.dao.ProductImgDao.queryProductImgList - ==>  Preparing: SELECT product_img_id, img_add, img_desc, priority, create_time, product_id, FROM tb_product_img, WHERE product_id = ? ORDER BY product_img_id DESC 
2020-09-03 10:21:55.028 [main] DEBUG c.imooc.o2o.dao.ProductImgDao.queryProductImgList - ==> Parameters: 14(Long)
2020-09-03 10:22:29.414 [main] DEBUG com.imooc.o2o.dao.ProductDao.queryProductById - ==>  Preparing: SELECT p.product_id, p.product_name, p.product_desc, p.img_add, p.normal_price, p.promotion_price, p.priority, p.create_time, p.last_edit_time, p.enable_status, p.product_category_id, p.shop_id, pm.product_img_id, pm.img_add AS detail_img, pm.img_desc, pm.priority, pm.create_time FROM tb_product p LEFT JOIN tb_product_img pm ON p.product_id = pm.product_id WHERE p.product_id = ? ORDER BY pm.priority DESC 
2020-09-03 10:22:29.439 [main] DEBUG com.imooc.o2o.dao.ProductDao.queryProductById - ==> Parameters: 14(Long)
2020-09-03 10:22:29.461 [main] DEBUG com.imooc.o2o.dao.ProductDao.queryProductById - <==      Total: 1
2020-09-03 10:22:29.468 [main] DEBUG com.imooc.o2o.util.ImageUtil - current relativeAdd is: upload\item\shop\1\2020090310222985319.jpg
2020-09-03 10:22:29.468 [main] DEBUG com.imooc.o2o.util.ImageUtil - current complete add is: D:\JavaProject\image\upload\item\shop\1\2020090310222985319.jpg
2020-09-03 10:22:29.468 [main] DEBUG com.imooc.o2o.util.ImageUtil - basepath is: /C:/Users/luoyi/IdeaProjects/o2o/target/test-classes/
2020-09-03 10:22:29.552 [main] DEBUG c.imooc.o2o.dao.ProductImgDao.queryProductImgList - ==>  Preparing: SELECT product_img_id, img_add, img_desc, priority, create_time, product_id, FROM tb_product_img, WHERE product_id = ? ORDER BY product_img_id ASC 
2020-09-03 10:22:29.552 [main] DEBUG c.imooc.o2o.dao.ProductImgDao.queryProductImgList - ==> Parameters: 14(Long)
2020-09-03 10:23:01.533 [main] DEBUG com.imooc.o2o.dao.ProductDao.queryProductById - ==>  Preparing: SELECT p.product_id, p.product_name, p.product_desc, p.img_add, p.normal_price, p.promotion_price, p.priority, p.create_time, p.last_edit_time, p.enable_status, p.product_category_id, p.shop_id, pm.product_img_id, pm.img_add AS detail_img, pm.img_desc, pm.priority, pm.create_time FROM tb_product p LEFT JOIN tb_product_img pm ON p.product_id = pm.product_id WHERE p.product_id = ? ORDER BY pm.priority DESC 
2020-09-03 10:23:01.559 [main] DEBUG com.imooc.o2o.dao.ProductDao.queryProductById - ==> Parameters: 1(Long)
2020-09-03 10:23:01.583 [main] DEBUG com.imooc.o2o.dao.ProductDao.queryProductById - <==      Total: 1
2020-09-03 10:23:01.592 [main] DEBUG com.imooc.o2o.util.ImageUtil - current relativeAdd is: upload\item\shop\1\2020090310230112872.jpg
2020-09-03 10:23:01.592 [main] DEBUG com.imooc.o2o.util.ImageUtil - current complete add is: D:\JavaProject\image\upload\item\shop\1\2020090310230112872.jpg
2020-09-03 10:23:01.592 [main] DEBUG com.imooc.o2o.util.ImageUtil - basepath is: /C:/Users/luoyi/IdeaProjects/o2o/target/test-classes/
2020-09-03 10:23:01.682 [main] DEBUG c.imooc.o2o.dao.ProductImgDao.queryProductImgList - ==>  Preparing: SELECT product_img_id, img_add, img_desc, priority, create_time, product_id, FROM tb_product_img, WHERE product_id = ? ORDER BY product_img_id ASC 
2020-09-03 10:23:01.683 [main] DEBUG c.imooc.o2o.dao.ProductImgDao.queryProductImgList - ==> Parameters: 1(Long)
2020-09-03 10:29:55.908 [main] DEBUG com.imooc.o2o.dao.ProductDao.queryProductById - ==>  Preparing: SELECT p.product_id, p.product_name, p.product_desc, p.img_add, p.normal_price, p.promotion_price, p.priority, p.create_time, p.last_edit_time, p.enable_status, p.product_category_id, p.shop_id, pm.product_img_id, pm.img_add AS detail_img, pm.img_desc, pm.priority, pm.create_time FROM tb_product p LEFT JOIN tb_product_img pm ON p.product_id = pm.product_id WHERE p.product_id = ? ORDER BY pm.priority DESC 
2020-09-03 10:29:55.934 [main] DEBUG com.imooc.o2o.dao.ProductDao.queryProductById - ==> Parameters: 1(Long)
2020-09-03 10:29:55.955 [main] DEBUG com.imooc.o2o.dao.ProductDao.queryProductById - <==      Total: 1
2020-09-03 10:29:55.963 [main] DEBUG com.imooc.o2o.util.ImageUtil - current relativeAdd is: upload\item\shop\1\2020090310295563555.jpg
2020-09-03 10:29:55.963 [main] DEBUG com.imooc.o2o.util.ImageUtil - current complete add is: D:\JavaProject\image\upload\item\shop\1\2020090310295563555.jpg
2020-09-03 10:29:55.963 [main] DEBUG com.imooc.o2o.util.ImageUtil - basepath is: /C:/Users/luoyi/IdeaProjects/o2o/target/test-classes/
2020-09-03 10:29:56.045 [main] DEBUG c.imooc.o2o.dao.ProductImgDao.queryProductImgList - ==>  Preparing: SELECT product_img_id, img_add, img_desc, priority, create_time, product_id FROM tb_product_img, WHERE product_id = ? ORDER BY product_img_id ASC 
2020-09-03 10:29:56.046 [main] DEBUG c.imooc.o2o.dao.ProductImgDao.queryProductImgList - ==> Parameters: 1(Long)
2020-09-03 10:31:48.777 [main] DEBUG com.imooc.o2o.dao.ProductDao.queryProductById - ==>  Preparing: SELECT p.product_id, p.product_name, p.product_desc, p.img_add, p.normal_price, p.promotion_price, p.priority, p.create_time, p.last_edit_time, p.enable_status, p.product_category_id, p.shop_id, pm.product_img_id, pm.img_add AS detail_img, pm.img_desc, pm.priority, pm.create_time FROM tb_product p LEFT JOIN tb_product_img pm ON p.product_id = pm.product_id WHERE p.product_id = ? ORDER BY pm.priority DESC 
2020-09-03 10:31:48.803 [main] DEBUG com.imooc.o2o.dao.ProductDao.queryProductById - ==> Parameters: 1(Long)
2020-09-03 10:31:48.826 [main] DEBUG com.imooc.o2o.dao.ProductDao.queryProductById - <==      Total: 1
2020-09-03 10:31:48.833 [main] DEBUG com.imooc.o2o.util.ImageUtil - current relativeAdd is: upload\item\shop\1\2020090310314887202.jpg
2020-09-03 10:31:48.833 [main] DEBUG com.imooc.o2o.util.ImageUtil - current complete add is: D:\JavaProject\image\upload\item\shop\1\2020090310314887202.jpg
2020-09-03 10:31:48.833 [main] DEBUG com.imooc.o2o.util.ImageUtil - basepath is: /C:/Users/luoyi/IdeaProjects/o2o/target/test-classes/
2020-09-03 10:31:48.919 [main] DEBUG c.imooc.o2o.dao.ProductImgDao.queryProductImgList - ==>  Preparing: SELECT product_img_id, img_add, img_desc, priority, create_time, product_id FROM tb_product_img WHERE product_id = ? ORDER BY product_img_id ASC 
2020-09-03 10:31:48.919 [main] DEBUG c.imooc.o2o.dao.ProductImgDao.queryProductImgList - ==> Parameters: 1(Long)
2020-09-03 10:31:48.920 [main] DEBUG c.imooc.o2o.dao.ProductImgDao.queryProductImgList - <==      Total: 0
2020-09-03 10:31:48.920 [main] DEBUG c.i.o.d.ProductImgDao.deleteProductImgByProductId - ==>  Preparing: DELETE FROM tb_product_img WHERE product_id = ? 
2020-09-03 10:31:48.920 [main] DEBUG c.i.o.d.ProductImgDao.deleteProductImgByProductId - ==> Parameters: 1(Long)
2020-09-03 10:31:48.921 [main] DEBUG c.i.o.d.ProductImgDao.deleteProductImgByProductId - <==    Updates: 0
2020-09-03 10:31:48.921 [main] DEBUG com.imooc.o2o.util.ImageUtil - current relativeAdd is :upload\item\shop\1\2020090310314845290.jpg
2020-09-03 10:31:48.921 [main] DEBUG com.imooc.o2o.util.ImageUtil - current complete add is :D:\JavaProject\image\upload\item\shop\1\2020090310314845290.jpg
2020-09-03 10:31:48.981 [main] DEBUG com.imooc.o2o.util.ImageUtil - current relativeAdd is :upload\item\shop\1\2020090310314860559.jpg
2020-09-03 10:31:48.981 [main] DEBUG com.imooc.o2o.util.ImageUtil - current complete add is :D:\JavaProject\image\upload\item\shop\1\2020090310314860559.jpg
2020-09-03 10:31:49.089 [main] DEBUG c.i.o2o.dao.ProductImgDao.batchInsertProductImg - ==>  Preparing: INSERT INTO tb_product_img(img_add, img_desc, priority, create_time, product_id) VALUES ( ?, ?, ?, ?, ? ) , ( ?, ?, ?, ?, ? ) 
2020-09-03 10:31:49.091 [main] DEBUG c.i.o2o.dao.ProductImgDao.batchInsertProductImg - ==> Parameters: upload\item\shop\1\2020090310314845290.jpg(String), null, null, 2020-09-03 10:31:48.98(Timestamp), 1(Long), upload\item\shop\1\2020090310314860559.jpg(String), null, null, 2020-09-03 10:31:49.07(Timestamp), 1(Long)
2020-09-03 10:31:49.092 [main] DEBUG c.i.o2o.dao.ProductImgDao.batchInsertProductImg - <==    Updates: 2
2020-09-03 10:31:49.099 [main] DEBUG com.imooc.o2o.dao.ProductDao.updateProduct - ==>  Preparing: UPDATE tb_product SET product_name = ?, product_desc = ?, img_add = ?, last_edit_time = ?, product_category_id = ? WHERE product_id = ? AND shop_id = ? 
2020-09-03 10:31:49.100 [main] DEBUG com.imooc.o2o.dao.ProductDao.updateProduct - ==> Parameters: 正式的商品(String), 正式的商品(String), upload\item\shop\1\2020090310314887202.jpg(String), 2020-09-03 10:31:48.752(Timestamp), 11(Long), 1(Long), 1(Long)
2020-09-03 10:31:49.101 [main] DEBUG com.imooc.o2o.dao.ProductDao.updateProduct - <==    Updates: 1
2020-09-03 10:35:18.069 [main] DEBUG com.imooc.o2o.dao.ProductDao.queryProductById - ==>  Preparing: SELECT p.product_id, p.product_name, p.product_desc, p.img_add, p.normal_price, p.promotion_price, p.priority, p.create_time, p.last_edit_time, p.enable_status, p.product_category_id, p.shop_id, pm.product_img_id, pm.img_add AS detail_img, pm.img_desc, pm.priority, pm.create_time FROM tb_product p LEFT JOIN tb_product_img pm ON p.product_id = pm.product_id WHERE p.product_id = ? ORDER BY pm.priority DESC 
2020-09-03 10:35:18.094 [main] DEBUG com.imooc.o2o.dao.ProductDao.queryProductById - ==> Parameters: 1(Long)
2020-09-03 10:35:18.116 [main] DEBUG com.imooc.o2o.dao.ProductDao.queryProductById - <==      Total: 2
2020-09-03 10:35:18.124 [main] DEBUG com.imooc.o2o.util.ImageUtil - current relativeAdd is: upload\item\shop\1\2020090310351845046.jpg
2020-09-03 10:35:18.124 [main] DEBUG com.imooc.o2o.util.ImageUtil - current complete add is: D:\JavaProject\image\upload\item\shop\1\2020090310351845046.jpg
2020-09-03 10:35:18.124 [main] DEBUG com.imooc.o2o.util.ImageUtil - basepath is: /C:/Users/luoyi/IdeaProjects/o2o/target/test-classes/
2020-09-03 10:35:18.302 [main] DEBUG c.imooc.o2o.dao.ProductImgDao.queryProductImgList - ==>  Preparing: SELECT product_img_id, img_add, img_desc, priority, create_time, product_id FROM tb_product_img WHERE product_id = ? ORDER BY product_img_id ASC 
2020-09-03 10:35:18.303 [main] DEBUG c.imooc.o2o.dao.ProductImgDao.queryProductImgList - ==> Parameters: 1(Long)
2020-09-03 10:35:18.305 [main] DEBUG c.imooc.o2o.dao.ProductImgDao.queryProductImgList - <==      Total: 2
2020-09-03 10:35:18.306 [main] DEBUG c.i.o.d.ProductImgDao.deleteProductImgByProductId - ==>  Preparing: DELETE FROM tb_product_img WHERE product_id = ? 
2020-09-03 10:35:18.306 [main] DEBUG c.i.o.d.ProductImgDao.deleteProductImgByProductId - ==> Parameters: 1(Long)
2020-09-03 10:35:18.307 [main] DEBUG c.i.o.d.ProductImgDao.deleteProductImgByProductId - <==    Updates: 2
2020-09-03 10:35:18.307 [main] DEBUG com.imooc.o2o.util.ImageUtil - current relativeAdd is :upload\item\shop\1\2020090310351858680.jpg
2020-09-03 10:35:18.307 [main] DEBUG com.imooc.o2o.util.ImageUtil - current complete add is :D:\JavaProject\image\upload\item\shop\1\2020090310351858680.jpg
2020-09-03 10:35:18.351 [main] DEBUG com.imooc.o2o.util.ImageUtil - current relativeAdd is :upload\item\shop\1\2020090310351817617.jpg
2020-09-03 10:35:18.351 [main] DEBUG com.imooc.o2o.util.ImageUtil - current complete add is :D:\JavaProject\image\upload\item\shop\1\2020090310351817617.jpg
2020-09-03 10:35:18.383 [main] DEBUG c.i.o2o.dao.ProductImgDao.batchInsertProductImg - ==>  Preparing: INSERT INTO tb_product_img(img_add, img_desc, priority, create_time, product_id) VALUES ( ?, ?, ?, ?, ? ) , ( ?, ?, ?, ?, ? ) 
2020-09-03 10:35:18.386 [main] DEBUG c.i.o2o.dao.ProductImgDao.batchInsertProductImg - ==> Parameters: upload\item\shop\1\2020090310351858680.jpg(String), null, null, 2020-09-03 10:35:18.351(Timestamp), 1(Long), upload\item\shop\1\2020090310351817617.jpg(String), null, null, 2020-09-03 10:35:18.365(Timestamp), 1(Long)
2020-09-03 10:35:18.387 [main] DEBUG c.i.o2o.dao.ProductImgDao.batchInsertProductImg - <==    Updates: 2
2020-09-03 10:35:18.393 [main] DEBUG com.imooc.o2o.dao.ProductDao.updateProduct - ==>  Preparing: UPDATE tb_product SET product_name = ?, product_desc = ?, img_add = ?, last_edit_time = ?, product_category_id = ? WHERE product_id = ? AND shop_id = ? 
2020-09-03 10:35:18.394 [main] DEBUG com.imooc.o2o.dao.ProductDao.updateProduct - ==> Parameters: 正式的商品(String), 正式的商品(String), upload\item\shop\1\2020090310351845046.jpg(String), 2020-09-03 10:35:18.044(Timestamp), 11(Long), 1(Long), 1(Long)
2020-09-03 10:35:18.395 [main] DEBUG com.imooc.o2o.dao.ProductDao.updateProduct - <==    Updates: 1
